Meta tags detected: __no_feature, __ambiguous, __too_low_aQual, __not_aligned, __alignment_not_unique
Warning message:
In dir.create("all") : 'all' already exists
Using  as id variables
Using  as id variables
'select()' returned 1:many mapping between keys and columns
'select()' returned 1:many mapping between keys and columns
'select()' returned 1:many mapping between keys and columns
'select()' returned 1:many mapping between keys and columns
'select()' returned 1:many mapping between keys and columns
'select()' returned 1:many mapping between keys and columns
'select()' returned 1:1 mapping between keys and columns
'select()' returned 1:many mapping between keys and columns
'select()' returned 1:many mapping between keys and columns
Warning message:
In dir.create("distributions") : 'distributions' already exists
Error in .jcall(wb, "Lorg/apache/poi/ss/usermodel/Sheet;", "createSheet",  : 
  java.lang.IllegalArgumentException: The workbook already contains a sheet of this name
Error in .jcall(wb, "Lorg/apache/poi/ss/usermodel/Sheet;", "createSheet",  : 
  java.lang.IllegalArgumentException: The workbook already contains a sheet of this name
'select()' returned 1:1 mapping between keys and columns
Error in .jcall(wb, "Lorg/apache/poi/ss/usermodel/Sheet;", "createSheet",  : 
  java.lang.IllegalArgumentException: The workbook already contains a sheet of this name
'select()' returned 1:many mapping between keys and columns
'select()' returned 1:1 mapping between keys and columns
'select()' returned 1:many mapping between keys and columns
'select()' returned 1:many mapping between keys and columns
Error in .jcall(wb, "Lorg/apache/poi/ss/usermodel/Sheet;", "createSheet",  : 
  java.lang.IllegalArgumentException: The workbook already contains a sheet of this name
Error in .jcall(wb, "Lorg/apache/poi/ss/usermodel/Sheet;", "createSheet",  : 
  java.lang.IllegalArgumentException: The workbook already contains a sheet of this name
Error in .jcall(wb, "Lorg/apache/poi/ss/usermodel/Sheet;", "createSheet",  : 
  java.lang.IllegalArgumentException: The workbook already contains a sheet of this name
Warning message:
Removed 13145 rows containing missing values (geom_point). 
Error in dev.off() : не могу отключить устройство 1 (null-устройство)
Error in .jcall(wb, "Lorg/apache/poi/ss/usermodel/Sheet;", "createSheet",  : 
  java.lang.IllegalArgumentException: The workbook already contains a sheet of this name
Error in .jcall(wb, "Lorg/apache/poi/ss/usermodel/Sheet;", "createSheet",  : 
  java.lang.IllegalArgumentException: The workbook already contains a sheet of this name
'select()' returned 1:many mapping between keys and columns
Warning message:
In dir.create("mdplots") : 'mdplots' already exists
Error in plot.window(...) : нужны конечные значения 'xlim'
In addition: Warning messages:
1: In min(x) : no non-missing arguments to min; returning Inf
2: In max(x) : no non-missing arguments to max; returning -Inf
3: In min(x) : no non-missing arguments to min; returning Inf
4: In max(x) : no non-missing arguments to max; returning -Inf
Error in setwd(stattest) : cannot change working directory
Error in .jcall(wb, "Lorg/apache/poi/ss/usermodel/Sheet;", "createSheet",  : 
  java.lang.IllegalArgumentException: The workbook already contains a sheet of this name
'select()' returned 1:1 mapping between keys and columns
Info: Working in directory C:/Users/rezvykh/Documents/GitHub/counts/ALS Mice/experimental/results/tg_1-tg_3/kegg
Info: Writing image file mmu04510.pathview.png
'select()' returned 1:1 mapping between keys and columns
Info: Working in directory C:/Users/rezvykh/Documents/GitHub/counts/ALS Mice/experimental/results/tg_1-tg_3/kegg
Info: Writing image file mmu04512.pathview.png
'select()' returned 1:1 mapping between keys and columns
Info: Working in directory C:/Users/rezvykh/Documents/GitHub/counts/ALS Mice/experimental/results/tg_1-tg_3/kegg
Info: Writing image file mmu04974.pathview.png
Info: some node width is different from others, and hence adjusted!
Warning: None of the genes or compounds mapped to the pathway!
Argument gene.idtype or cpd.idtype may be wrong.
'select()' returned 1:1 mapping between keys and columns
Info: Working in directory C:/Users/rezvykh/Documents/GitHub/counts/ALS Mice/experimental/results/tg_1-tg_3/kegg
Info: Writing image file mmu04144.pathview.png
Info: some node width is different from others, and hence adjusted!
Warning: None of the genes or compounds mapped to the pathway!
Argument gene.idtype or cpd.idtype may be wrong.
'select()' returned 1:1 mapping between keys and columns
Info: Working in directory C:/Users/rezvykh/Documents/GitHub/counts/ALS Mice/experimental/results/tg_1-tg_3/kegg
Info: Writing image file mmu03008.pathview.png
Warning: None of the genes or compounds mapped to the pathway!
Argument gene.idtype or cpd.idtype may be wrong.
'select()' returned 1:1 mapping between keys and columns
Info: Working in directory C:/Users/rezvykh/Documents/GitHub/counts/ALS Mice/experimental/results/tg_1-tg_3/kegg
Info: Writing image file mmu04141.pathview.png
Warning: None of the genes or compounds mapped to the pathway!
Argument gene.idtype or cpd.idtype may be wrong.
'select()' returned 1:1 mapping between keys and columns
Info: Working in directory C:/Users/rezvykh/Documents/GitHub/counts/ALS Mice/experimental/results/tg_1-tg_3/kegg
Info: Writing image file mmu04740.pathview.png
Info: some node width is different from others, and hence adjusted!
Warning: None of the genes or compounds mapped to the pathway!
Argument gene.idtype or cpd.idtype may be wrong.
'select()' returned 1:1 mapping between keys and columns
Info: Working in directory C:/Users/rezvykh/Documents/GitHub/counts/ALS Mice/experimental/results/tg_1-tg_3/kegg
Info: Writing image file mmu03010.pathview.png
Warning: None of the genes or compounds mapped to the pathway!
Argument gene.idtype or cpd.idtype may be wrong.
'select()' returned 1:1 mapping between keys and columns
Info: Working in directory C:/Users/rezvykh/Documents/GitHub/counts/ALS Mice/experimental/results/tg_1-tg_3/kegg
Info: Writing image file mmu04622.pathview.png
Warning: None of the genes or compounds mapped to the pathway!
Argument gene.idtype or cpd.idtype may be wrong.
'select()' returned 1:1 mapping between keys and columns
Info: Working in directory C:/Users/rezvykh/Documents/GitHub/counts/ALS Mice/experimental/results/tg_1-tg_3/kegg
Info: Writing image file mmu04744.pathview.png
'select()' returned 1:1 mapping between keys and columns
Info: Working in directory C:/Users/rezvykh/Documents/GitHub/counts/ALS Mice/experimental/results/tg_1-tg_3/kegg
Info: Writing image file mmu04062.pathview.png
'select()' returned 1:1 mapping between keys and columns
Info: Working in directory C:/Users/rezvykh/Documents/GitHub/counts/ALS Mice/experimental/results/tg_1-tg_3/kegg
Info: Writing image file mmu04666.pathview.png
Warning: None of the genes or compounds mapped to the pathway!
Argument gene.idtype or cpd.idtype may be wrong.
'select()' returned 1:1 mapping between keys and columns
Info: Working in directory C:/Users/rezvykh/Documents/GitHub/counts/ALS Mice/experimental/results/tg_1-tg_3/kegg
Info: Writing image file mmu00190.pathview.png
Info: some node width is different from others, and hence adjusted!
Warning: None of the genes or compounds mapped to the pathway!
Argument gene.idtype or cpd.idtype may be wrong.
'select()' returned 1:1 mapping between keys and columns
Info: Working in directory C:/Users/rezvykh/Documents/GitHub/counts/ALS Mice/experimental/results/tg_1-tg_3/kegg
Info: Writing image file mmu04120.pathview.png
Warning: None of the genes or compounds mapped to the pathway!
Argument gene.idtype or cpd.idtype may be wrong.
'select()' returned 1:1 mapping between keys and columns
Info: Working in directory C:/Users/rezvykh/Documents/GitHub/counts/ALS Mice/experimental/results/tg_1-tg_3/kegg
Info: Writing image file mmu00670.pathview.png
'select()' returned 1:1 mapping between keys and columns
Info: Working in directory C:/Users/rezvykh/Documents/GitHub/counts/ALS Mice/experimental/results/tg_1-tg_3/kegg
Info: Writing image file mmu04110.pathview.png
'select()' returned 1:1 mapping between keys and columns
Info: Working in directory C:/Users/rezvykh/Documents/GitHub/counts/ALS Mice/experimental/results/tg_1-tg_3/kegg
Info: Writing image file mmu04114.pathview.png
'select()' returned 1:1 mapping between keys and columns
Info: Working in directory C:/Users/rezvykh/Documents/GitHub/counts/ALS Mice/experimental/results/tg_1-tg_3/kegg
Info: Writing image file mmu04722.pathview.png
Warning: None of the genes or compounds mapped to the pathway!
Argument gene.idtype or cpd.idtype may be wrong.
'select()' returned 1:1 mapping between keys and columns
Info: Working in directory C:/Users/rezvykh/Documents/GitHub/counts/ALS Mice/experimental/results/tg_1-tg_3/kegg
Info: Writing image file mmu03015.pathview.png
'select()' returned 1:1 mapping between keys and columns
Info: Working in directory C:/Users/rezvykh/Documents/GitHub/counts/ALS Mice/experimental/results/tg_1-tg_3/kegg
Info: Writing image file mmu04672.pathview.png
'select()' returned 1:1 mapping between keys and columns
Info: Working in directory C:/Users/rezvykh/Documents/GitHub/counts/ALS Mice/experimental/results/tg_1-tg_3/kegg
Info: Writing image file mmu00072.pathview.png
'select()' returned 1:1 mapping between keys and columns
Info: Working in directory C:/Users/rezvykh/Documents/GitHub/counts/ALS Mice/experimental/results/tg_1-tg_3/kegg
Info: Writing image file mmu00280.pathview.png
'select()' returned 1:1 mapping between keys and columns
Info: Working in directory C:/Users/rezvykh/Documents/GitHub/counts/ALS Mice/experimental/results/tg_1-tg_3/kegg
Info: Writing image file mmu00650.pathview.png
'select()' returned 1:1 mapping between keys and columns
Info: Working in directory C:/Users/rezvykh/Documents/GitHub/counts/ALS Mice/experimental/results/tg_1-tg_3/kegg
Info: Writing image file mmu00900.pathview.png
Warning: None of the genes or compounds mapped to the pathway!
Argument gene.idtype or cpd.idtype may be wrong.
'select()' returned 1:1 mapping between keys and columns
Info: Working in directory C:/Users/rezvykh/Documents/GitHub/counts/ALS Mice/experimental/results/tg_1-tg_3/kegg
Info: Writing image file mmu00071.pathview.png
Warning: None of the genes or compounds mapped to the pathway!
Argument gene.idtype or cpd.idtype may be wrong.
'select()' returned 1:1 mapping between keys and columns
Info: Working in directory C:/Users/rezvykh/Documents/GitHub/counts/ALS Mice/experimental/results/tg_1-tg_3/kegg
Info: Writing image file mmu00590.pathview.png
Warning: None of the genes or compounds mapped to the pathway!
Argument gene.idtype or cpd.idtype may be wrong.
'select()' returned 1:1 mapping between keys and columns
Info: Working in directory C:/Users/rezvykh/Documents/GitHub/counts/ALS Mice/experimental/results/tg_1-tg_3/kegg
Info: Writing image file mmu00830.pathview.png
'select()' returned 1:1 mapping between keys and columns
Info: Working in directory C:/Users/rezvykh/Documents/GitHub/counts/ALS Mice/experimental/results/tg_1-tg_3/kegg
Info: Writing image file mmu03320.pathview.png
Warning: None of the genes or compounds mapped to the pathway!
Argument gene.idtype or cpd.idtype may be wrong.
'select()' returned 1:1 mapping between keys and columns
Info: Working in directory C:/Users/rezvykh/Documents/GitHub/counts/ALS Mice/experimental/results/tg_1-tg_3/kegg
Info: Writing image file mmu04270.pathview.png
'select()' returned 1:1 mapping between keys and columns
Info: Working in directory C:/Users/rezvykh/Documents/GitHub/counts/ALS Mice/experimental/results/tg_1-tg_3/kegg
Info: Writing image file mmu03060.pathview.png
'select()' returned 1:1 mapping between keys and columns
Info: Working in directory C:/Users/rezvykh/Documents/GitHub/counts/ALS Mice/experimental/results/tg_1-tg_3/kegg
Info: Writing image file mmu04145.pathview.png
Warning: None of the genes or compounds mapped to the pathway!
Argument gene.idtype or cpd.idtype may be wrong.
'select()' returned 1:1 mapping between keys and columns
Info: Working in directory C:/Users/rezvykh/Documents/GitHub/counts/ALS Mice/experimental/results/tg_1-tg_3/kegg
Info: Writing image file mmu03018.pathview.png
Warning: None of the genes or compounds mapped to the pathway!
Argument gene.idtype or cpd.idtype may be wrong.
'select()' returned 1:1 mapping between keys and columns
Info: Working in directory C:/Users/rezvykh/Documents/GitHub/counts/ALS Mice/experimental/results/tg_1-tg_3/kegg
Info: Writing image file mmu03040.pathview.png
Warning: None of the genes or compounds mapped to the pathway!
Argument gene.idtype or cpd.idtype may be wrong.
'select()' returned 1:1 mapping between keys and columns
Info: Working in directory C:/Users/rezvykh/Documents/GitHub/counts/ALS Mice/experimental/results/tg_1-tg_3/kegg
Info: Writing image file mmu03013.pathview.png
Info: Downloading xml files for mmu00010, 1/1 pathways..
Info: Downloading png files for mmu00010, 1/1 pathways..
Warning: None of the genes or compounds mapped to the pathway!
Argument gene.idtype or cpd.idtype may be wrong.
'select()' returned 1:1 mapping between keys and columns
Info: Working in directory C:/Users/rezvykh/Documents/GitHub/counts/ALS Mice/experimental/results/tg_1-tg_3/kegg
Info: Writing image file mmu00010.pathview.png
Info: Downloading xml files for mmu00230, 1/1 pathways..
Info: Downloading png files for mmu00230, 1/1 pathways..
'select()' returned 1:1 mapping between keys and columns
Info: Working in directory C:/Users/rezvykh/Documents/GitHub/counts/ALS Mice/experimental/results/tg_1-tg_3/kegg
Info: Writing image file mmu00230.pathview.png
Info: Downloading xml files for mmu00983, 1/1 pathways..
Info: Downloading png files for mmu00983, 1/1 pathways..
'select()' returned 1:1 mapping between keys and columns
Info: Working in directory C:/Users/rezvykh/Documents/GitHub/counts/ALS Mice/experimental/results/tg_1-tg_3/kegg
Info: Writing image file mmu00983.pathview.png
Info: Downloading xml files for mmu04012, 1/1 pathways..
Info: Downloading png files for mmu04012, 1/1 pathways..
Warning: None of the genes or compounds mapped to the pathway!
Argument gene.idtype or cpd.idtype may be wrong.
'select()' returned 1:1 mapping between keys and columns
Info: Working in directory C:/Users/rezvykh/Documents/GitHub/counts/ALS Mice/experimental/results/tg_1-tg_3/kegg
Info: Writing image file mmu04012.pathview.png
Info: Downloading xml files for mmu00500, 1/1 pathways..
Info: Downloading png files for mmu00500, 1/1 pathways..
Warning: None of the genes or compounds mapped to the pathway!
Argument gene.idtype or cpd.idtype may be wrong.
'select()' returned 1:1 mapping between keys and columns
Info: Working in directory C:/Users/rezvykh/Documents/GitHub/counts/ALS Mice/experimental/results/tg_1-tg_3/kegg
Info: Writing image file mmu00500.pathview.png

There were 50 or more warnings (use warnings() to see the first 50)
